<?xml version="1.0" encoding="UTF-8"?>
<!-- Generated by org.testng.reporters.JUnitXMLReporter -->
<testsuite hostname="WTC-937135-L2" ignored="0" name="Default test" tests="3" failures="0" timestamp="14 Jul 2018 18:52:58 GMT" time="29.491" errors="0">
  <testcase name="crudOperation" time="11.11" classname="Computer.executionDriver"/>
  <testcase name="crudOperation" time="8.129" classname="Computer.executionDriver"/>
  <testcase name="crudOperation" time="10.212" classname="Computer.executionDriver"/>
</testsuite> <!-- Default test -->
