<?xml version="1.0" encoding="UTF-8"?>
<testng-results skipped="0" failed="1" ignored="0" total="18" passed="17">
  <reporter-output>
    <line>
      <![CDATA[Validation of Element:  <i><font color='Blue'>Actual:  Done! Computer BackeBase-Aakash has been created,   Expected:  Done! Computer BackeBase-Aakash has been created</font></i> - Validation Passed]]>
    </line>
    <line>
      <![CDATA[Validation of Element:  <i><font color='Blue'>Actual:  Done! Computer BackeBase-Aakash has been created,   Expected:  Done! Computer BackeBase-Aakash has been created</font></i> - Validation Passed]]>
    </line>
    <line>
      <![CDATA[Validation of Element:  <i><font color='Blue'>Actual:  BackeBase-Aakash,   Expected:  BackeBase-Aakash</font></i> - Validation Passed]]>
    </line>
    <line>
      <![CDATA[Validation of Element:  <i><font color='Blue'>Actual:  10 Jul 2018,   Expected:  10 Jul 2018</font></i> - Validation Passed]]>
    </line>
    <line>
      <![CDATA[Validation of Element:  <i><font color='Blue'>Actual:  10 Jul 2024,   Expected:  10 Jul 2024</font></i> - Validation Passed]]>
    </line>
    <line>
      <![CDATA[Validation of Element:  <i><font color='Blue'>Actual:  Apple Inc.,   Expected:  Apple Inc.</font></i> - Validation Passed]]>
    </line>
    <line>
      <![CDATA[Validation of Element:  <i><font color='Blue'>Actual:  BackeBase-Aakash,   Expected:  BackeBase-Aakash</font></i> - Validation Passed]]>
    </line>
    <line>
      <![CDATA[Validation of Element:  <i><font color='Blue'>Actual:  10 Jul 2018,   Expected:  10 Jul 2018</font></i> - Validation Passed]]>
    </line>
    <line>
      <![CDATA[Validation of Element:  <i><font color='Blue'>Actual:  10 Jul 2024,   Expected:  10 Jul 2024</font></i> - Validation Passed]]>
    </line>
    <line>
      <![CDATA[Validation of Element:  <i><font color='Blue'>Actual:  Apple Inc.,   Expected:  Apple Inc.</font></i> - Validation Passed]]>
    </line>
    <line>
      <![CDATA[Validation of Element:  <i><font color='Blue'>Actual:  Done! Computer BackeBase-Aakash Nanda has been updated,   Expected:  Done! Computer BackeBase-Aakash Nanda has been updated</font></i> - Validation Passed]]>
    </line>
    <line>
      <![CDATA[Validation of Element:  <i><font color='Blue'>Actual:  Done! Computer BackeBase-Aakash Nanda has been updated,   Expected:  Done! Computer BackeBase-Aakash Nanda has been updated</font></i> - Validation Passed]]>
    </line>
    <line>
      <![CDATA[Validation of Element:  <i><font color='Blue'>Actual:  BackeBase-Aakash Nanda,   Expected:  BackeBase-Aakash Nanda</font></i> - Validation Passed]]>
    </line>
    <line>
      <![CDATA[Validation of Element:  <i><font color='Blue'>Actual:  11 Jul 2018,   Expected:  11 Jul 2018</font></i> - Validation Passed]]>
    </line>
    <line>
      <![CDATA[Validation of Element:  <i><font color='Blue'>Actual:  05 Jul 2028,   Expected:  05 Jul 2028</font></i> - Validation Passed]]>
    </line>
    <line>
      <![CDATA[Validation of Element:  <i><font color='Blue'>Actual:  IBM,   Expected:  IBM</font></i> - Validation Passed]]>
    </line>
    <line>
      <![CDATA[Validation of Element:  <i><font color='Blue'>Actual:  BackeBase-Aakash Nanda,   Expected:  BackeBase-Aakash Nanda</font></i> - Validation Passed]]>
    </line>
    <line>
      <![CDATA[Validation of Element:  <i><font color='Blue'>Actual:  11 Jul 2018,   Expected:  11 Jul 2018</font></i> - Validation Passed]]>
    </line>
    <line>
      <![CDATA[Validation of Element:  <i><font color='Blue'>Actual:  05 Jul 2028,   Expected:  05 Jul 2028</font></i> - Validation Passed]]>
    </line>
    <line>
      <![CDATA[Validation of Element:  <i><font color='Blue'>Actual:  IBM,   Expected:  IBM</font></i> - Validation Passed]]>
    </line>
    <line>
      <![CDATA[Validation of Element:  <i><font color='Blue'>Actual:  Done! Computer has been deleted,   Expected:  Done! Computer has been deleted</font></i> - Validation Passed]]>
    </line>
    <line>
      <![CDATA[Validation of Element:  <i><font color='Blue'>Actual:  ,   Expected:  </font></i> - Validation Passed]]>
    </line>
    <line>
      <![CDATA[Validation of Element:  <i><font color='Blue'>Actual:  ,   Expected:  </font></i> - Validation Passed]]>
    </line>
    <line>
      <![CDATA[Validation of Element:  <i><font color='Blue'>Actual:  Done! Computer BackeBase-Paul$123 has been created,   Expected:  Done! Computer BackeBase-Paul$123 has been created</font></i> - Validation Passed]]>
    </line>
    <line>
      <![CDATA[Validation of Element:  <i><font color='Blue'>Actual:  Done! Computer BackeBase-Paul$123 has been created,   Expected:  Done! Computer BackeBase-Paul$123 has been created</font></i> - Validation Passed]]>
    </line>
    <line>
      <![CDATA[Validation of Element:  <i><font color='Blue'>Actual:  ,   Expected:  </font></i> - Validation Passed]]>
    </line>
    <line>
      <![CDATA[Validation of Element:  <i><font color='Blue'>Actual:  ,   Expected:  </font></i> - Validation Passed]]>
    </line>
    <line>
      <![CDATA[Validation of Element:  <i><font color='Blue'>Actual:  ,   Expected:  </font></i> - Validation Passed]]>
    </line>
    <line>
      <![CDATA[Validation of Element:  <i><font color='Blue'>Actual:  ,   Expected:  </font></i> - Validation Passed]]>
    </line>
  </reporter-output>
  <suite name="Test-class Suite" duration-ms="46332" started-at="2018-07-15T04:22:51Z" finished-at="2018-07-15T04:23:38Z">
    <groups>
    </groups>
    <test name="Test Bed" duration-ms="46332" started-at="2018-07-15T04:22:51Z" finished-at="2018-07-15T04:23:38Z">
      <class name="computer.executionDriver">
        <test-method status="PASS" signature="crudOperationOnChrome(java.lang.String, java.lang.String, java.lang.String, java.lang.String, java.lang.String, java.lang.String, java.lang.String, java.lang.String, java.lang.String, java.lang.String, java.lang.String, java.lang.String, java.lang.String)[pri:0, instance:computer.executionDriver@f6c48ac]" name="crudOperationOnChrome" duration-ms="5379" started-at="2018-07-14T23:22:51Z" data-provider="Test Case Bed" finished-at="2018-07-14T23:22:57Z">
          <params>
            <param index="0">
              <value>
                <![CDATA[TC1 - Verify user is able to create new computer record in the application]]>
              </value>
            </param>
            <param index="1">
              <value>
                <![CDATA[R_URL,COMPUTERSEARCH,COMPUTERDETAIL]]>
              </value>
            </param>
            <param index="2">
              <value>
                <![CDATA[]]>
              </value>
            </param>
            <param index="3">
              <value>
                <![CDATA[ADDCOMPUTER]]>
              </value>
            </param>
            <param index="4">
              <value>
                <![CDATA[BackeBase-Aakash]]>
              </value>
            </param>
            <param index="5">
              <value>
                <![CDATA[2018-07-10]]>
              </value>
            </param>
            <param index="6">
              <value>
                <![CDATA[2024-07-10]]>
              </value>
            </param>
            <param index="7">
              <value>
                <![CDATA[Apple Inc.]]>
              </value>
            </param>
            <param index="8">
              <value>
                <![CDATA[SAVE]]>
              </value>
            </param>
            <param index="9">
              <value>
                <![CDATA[POST_COMPUTER_EDIT_PAGE_ACTION]]>
              </value>
            </param>
            <param index="10">
              <value>
                <![CDATA[ISEXIST]]>
              </value>
            </param>
            <param index="11">
              <value>
                <![CDATA[lbl_ConfirmationMsg]]>
              </value>
            </param>
            <param index="12">
              <value>
                <![CDATA[Done! Computer BackeBase-Aakash has been created]]>
              </value>
            </param>
          </params>
          <reporter-output>
            <line>
              <![CDATA[Validation of Element:  <i><font color='Blue'>Actual:  Done! Computer BackeBase-Aakash has been created,   Expected:  Done! Computer BackeBase-Aakash has been created</font></i> - Validation Passed]]>
            </line>
          </reporter-output>
        </test-method> <!-- crudOperationOnChrome -->
        <test-method status="PASS" signature="crudOperationOnFireFox(java.lang.String, java.lang.String, java.lang.String, java.lang.String, java.lang.String, java.lang.String, java.lang.String, java.lang.String, java.lang.String, java.lang.String, java.lang.String, java.lang.String, java.lang.String)[pri:0, instance:computer.executionDriver@f6c48ac]" name="crudOperationOnFireFox" duration-ms="5328" started-at="2018-07-14T23:22:51Z" data-provider="Test Case Bed" finished-at="2018-07-14T23:22:57Z">
          <params>
            <param index="0">
              <value>
                <![CDATA[TC1 - Verify user is able to create new computer record in the application]]>
              </value>
            </param>
            <param index="1">
              <value>
                <![CDATA[R_URL,COMPUTERSEARCH,COMPUTERDETAIL]]>
              </value>
            </param>
            <param index="2">
              <value>
                <![CDATA[]]>
              </value>
            </param>
            <param index="3">
              <value>
                <![CDATA[ADDCOMPUTER]]>
              </value>
            </param>
            <param index="4">
              <value>
                <![CDATA[BackeBase-Aakash]]>
              </value>
            </param>
            <param index="5">
              <value>
                <![CDATA[2018-07-10]]>
              </value>
            </param>
            <param index="6">
              <value>
                <![CDATA[2024-07-10]]>
              </value>
            </param>
            <param index="7">
              <value>
                <![CDATA[Apple Inc.]]>
              </value>
            </param>
            <param index="8">
              <value>
                <![CDATA[SAVE]]>
              </value>
            </param>
            <param index="9">
              <value>
                <![CDATA[POST_COMPUTER_EDIT_PAGE_ACTION]]>
              </value>
            </param>
            <param index="10">
              <value>
                <![CDATA[ISEXIST]]>
              </value>
            </param>
            <param index="11">
              <value>
                <![CDATA[lbl_ConfirmationMsg]]>
              </value>
            </param>
            <param index="12">
              <value>
                <![CDATA[Done! Computer BackeBase-Aakash has been created]]>
              </value>
            </param>
          </params>
          <reporter-output>
            <line>
              <![CDATA[Validation of Element:  <i><font color='Blue'>Actual:  Done! Computer BackeBase-Aakash has been created,   Expected:  Done! Computer BackeBase-Aakash has been created</font></i> - Validation Passed]]>
            </line>
          </reporter-output>
        </test-method> <!-- crudOperationOnFireFox -->
        <test-method status="PASS" signature="crudOperationOnFireFox(java.lang.String, java.lang.String, java.lang.String, java.lang.String, java.lang.String, java.lang.String, java.lang.String, java.lang.String, java.lang.String, java.lang.String, java.lang.String, java.lang.String, java.lang.String)[pri:0, instance:computer.executionDriver@f6c48ac]" name="crudOperationOnFireFox" duration-ms="4481" started-at="2018-07-14T23:22:57Z" data-provider="Test Case Bed" finished-at="2018-07-14T23:23:01Z">
          <params>
            <param index="0">
              <value>
                <![CDATA[TC2 - Verify user is able to read details of existing computer record in the application]]>
              </value>
            </param>
            <param index="1">
              <value>
                <![CDATA[R_URL,COMPUTERSEARCH]]>
              </value>
            </param>
            <param index="2">
              <value>
                <![CDATA[BackeBase-Aakash]]>
              </value>
            </param>
            <param index="3">
              <value>
                <![CDATA[]]>
              </value>
            </param>
            <param index="4">
              <value>
                <![CDATA[]]>
              </value>
            </param>
            <param index="5">
              <value>
                <![CDATA[]]>
              </value>
            </param>
            <param index="6">
              <value>
                <![CDATA[]]>
              </value>
            </param>
            <param index="7">
              <value>
                <![CDATA[]]>
              </value>
            </param>
            <param index="8">
              <value>
                <![CDATA[]]>
              </value>
            </param>
            <param index="9">
              <value>
                <![CDATA[POST_COMPUTER_SEARCH,POST_COMPUTER_SEARCH,POST_COMPUTER_SEARCH,POST_COMPUTER_SEARCH]]>
              </value>
            </param>
            <param index="10">
              <value>
                <![CDATA[DEFAULTVALUE,DEFAULTVALUE,DEFAULTVALUE,DEFAULTVALUE]]>
              </value>
            </param>
            <param index="11">
              <value>
                <![CDATA[lnk_ComputerName,lnk_IntroducedDate,lnk_DiscontinuedDate,lnk_Company]]>
              </value>
            </param>
            <param index="12">
              <value>
                <![CDATA[BackeBase-Aakash,10 Jul 2018,10 Jul 2024,Apple Inc.]]>
              </value>
            </param>
          </params>
          <reporter-output>
            <line>
              <![CDATA[Validation of Element:  <i><font color='Blue'>Actual:  BackeBase-Aakash,   Expected:  BackeBase-Aakash</font></i> - Validation Passed]]>
            </line>
            <line>
              <![CDATA[Validation of Element:  <i><font color='Blue'>Actual:  10 Jul 2018,   Expected:  10 Jul 2018</font></i> - Validation Passed]]>
            </line>
            <line>
              <![CDATA[Validation of Element:  <i><font color='Blue'>Actual:  10 Jul 2024,   Expected:  10 Jul 2024</font></i> - Validation Passed]]>
            </line>
            <line>
              <![CDATA[Validation of Element:  <i><font color='Blue'>Actual:  Apple Inc.,   Expected:  Apple Inc.</font></i> - Validation Passed]]>
            </line>
          </reporter-output>
        </test-method> <!-- crudOperationOnFireFox -->
        <test-method status="PASS" signature="crudOperationOnChrome(java.lang.String, java.lang.String, java.lang.String, java.lang.String, java.lang.String, java.lang.String, java.lang.String, java.lang.String, java.lang.String, java.lang.String, java.lang.String, java.lang.String, java.lang.String)[pri:0, instance:computer.executionDriver@f6c48ac]" name="crudOperationOnChrome" duration-ms="4375" started-at="2018-07-14T23:22:57Z" data-provider="Test Case Bed" finished-at="2018-07-14T23:23:01Z">
          <params>
            <param index="0">
              <value>
                <![CDATA[TC2 - Verify user is able to read details of existing computer record in the application]]>
              </value>
            </param>
            <param index="1">
              <value>
                <![CDATA[R_URL,COMPUTERSEARCH]]>
              </value>
            </param>
            <param index="2">
              <value>
                <![CDATA[BackeBase-Aakash]]>
              </value>
            </param>
            <param index="3">
              <value>
                <![CDATA[]]>
              </value>
            </param>
            <param index="4">
              <value>
                <![CDATA[]]>
              </value>
            </param>
            <param index="5">
              <value>
                <![CDATA[]]>
              </value>
            </param>
            <param index="6">
              <value>
                <![CDATA[]]>
              </value>
            </param>
            <param index="7">
              <value>
                <![CDATA[]]>
              </value>
            </param>
            <param index="8">
              <value>
                <![CDATA[]]>
              </value>
            </param>
            <param index="9">
              <value>
                <![CDATA[POST_COMPUTER_SEARCH,POST_COMPUTER_SEARCH,POST_COMPUTER_SEARCH,POST_COMPUTER_SEARCH]]>
              </value>
            </param>
            <param index="10">
              <value>
                <![CDATA[DEFAULTVALUE,DEFAULTVALUE,DEFAULTVALUE,DEFAULTVALUE]]>
              </value>
            </param>
            <param index="11">
              <value>
                <![CDATA[lnk_ComputerName,lnk_IntroducedDate,lnk_DiscontinuedDate,lnk_Company]]>
              </value>
            </param>
            <param index="12">
              <value>
                <![CDATA[BackeBase-Aakash,10 Jul 2018,10 Jul 2024,Apple Inc.]]>
              </value>
            </param>
          </params>
          <reporter-output>
            <line>
              <![CDATA[Validation of Element:  <i><font color='Blue'>Actual:  BackeBase-Aakash,   Expected:  BackeBase-Aakash</font></i> - Validation Passed]]>
            </line>
            <line>
              <![CDATA[Validation of Element:  <i><font color='Blue'>Actual:  10 Jul 2018,   Expected:  10 Jul 2018</font></i> - Validation Passed]]>
            </line>
            <line>
              <![CDATA[Validation of Element:  <i><font color='Blue'>Actual:  10 Jul 2024,   Expected:  10 Jul 2024</font></i> - Validation Passed]]>
            </line>
            <line>
              <![CDATA[Validation of Element:  <i><font color='Blue'>Actual:  Apple Inc.,   Expected:  Apple Inc.</font></i> - Validation Passed]]>
            </line>
          </reporter-output>
        </test-method> <!-- crudOperationOnChrome -->
        <test-method status="PASS" signature="crudOperationOnChrome(java.lang.String, java.lang.String, java.lang.String, java.lang.String, java.lang.String, java.lang.String, java.lang.String, java.lang.String, java.lang.String, java.lang.String, java.lang.String, java.lang.String, java.lang.String)[pri:0, instance:computer.executionDriver@f6c48ac]" name="crudOperationOnChrome" duration-ms="5287" started-at="2018-07-14T23:23:01Z" data-provider="Test Case Bed" finished-at="2018-07-14T23:23:06Z">
          <params>
            <param index="0">
              <value>
                <![CDATA[TC3 - Verify user is able to update details of existing computer record in the application]]>
              </value>
            </param>
            <param index="1">
              <value>
                <![CDATA[R_URL,COMPUTERSEARCH,COMPUTERDETAIL]]>
              </value>
            </param>
            <param index="2">
              <value>
                <![CDATA[BackeBase-Aakash]]>
              </value>
            </param>
            <param index="3">
              <value>
                <![CDATA[EDITCOMPUTER]]>
              </value>
            </param>
            <param index="4">
              <value>
                <![CDATA[BackeBase-Aakash Nanda]]>
              </value>
            </param>
            <param index="5">
              <value>
                <![CDATA[2018-07-11]]>
              </value>
            </param>
            <param index="6">
              <value>
                <![CDATA[2028-07-05]]>
              </value>
            </param>
            <param index="7">
              <value>
                <![CDATA[IBM]]>
              </value>
            </param>
            <param index="8">
              <value>
                <![CDATA[SAVE]]>
              </value>
            </param>
            <param index="9">
              <value>
                <![CDATA[POST_COMPUTER_EDIT_PAGE_ACTION]]>
              </value>
            </param>
            <param index="10">
              <value>
                <![CDATA[ISEXIST]]>
              </value>
            </param>
            <param index="11">
              <value>
                <![CDATA[lbl_ConfirmationMsg]]>
              </value>
            </param>
            <param index="12">
              <value>
                <![CDATA[Done! Computer BackeBase-Aakash Nanda has been updated]]>
              </value>
            </param>
          </params>
          <reporter-output>
            <line>
              <![CDATA[Validation of Element:  <i><font color='Blue'>Actual:  Done! Computer BackeBase-Aakash Nanda has been updated,   Expected:  Done! Computer BackeBase-Aakash Nanda has been updated</font></i> - Validation Passed]]>
            </line>
          </reporter-output>
        </test-method> <!-- crudOperationOnChrome -->
        <test-method status="PASS" signature="crudOperationOnFireFox(java.lang.String, java.lang.String, java.lang.String, java.lang.String, java.lang.String, java.lang.String, java.lang.String, java.lang.String, java.lang.String, java.lang.String, java.lang.String, java.lang.String, java.lang.String)[pri:0, instance:computer.executionDriver@f6c48ac]" name="crudOperationOnFireFox" duration-ms="5105" started-at="2018-07-14T23:23:01Z" data-provider="Test Case Bed" finished-at="2018-07-14T23:23:06Z">
          <params>
            <param index="0">
              <value>
                <![CDATA[TC3 - Verify user is able to update details of existing computer record in the application]]>
              </value>
            </param>
            <param index="1">
              <value>
                <![CDATA[R_URL,COMPUTERSEARCH,COMPUTERDETAIL]]>
              </value>
            </param>
            <param index="2">
              <value>
                <![CDATA[BackeBase-Aakash]]>
              </value>
            </param>
            <param index="3">
              <value>
                <![CDATA[EDITCOMPUTER]]>
              </value>
            </param>
            <param index="4">
              <value>
                <![CDATA[BackeBase-Aakash Nanda]]>
              </value>
            </param>
            <param index="5">
              <value>
                <![CDATA[2018-07-11]]>
              </value>
            </param>
            <param index="6">
              <value>
                <![CDATA[2028-07-05]]>
              </value>
            </param>
            <param index="7">
              <value>
                <![CDATA[IBM]]>
              </value>
            </param>
            <param index="8">
              <value>
                <![CDATA[SAVE]]>
              </value>
            </param>
            <param index="9">
              <value>
                <![CDATA[POST_COMPUTER_EDIT_PAGE_ACTION]]>
              </value>
            </param>
            <param index="10">
              <value>
                <![CDATA[ISEXIST]]>
              </value>
            </param>
            <param index="11">
              <value>
                <![CDATA[lbl_ConfirmationMsg]]>
              </value>
            </param>
            <param index="12">
              <value>
                <![CDATA[Done! Computer BackeBase-Aakash Nanda has been updated]]>
              </value>
            </param>
          </params>
          <reporter-output>
            <line>
              <![CDATA[Validation of Element:  <i><font color='Blue'>Actual:  Done! Computer BackeBase-Aakash Nanda has been updated,   Expected:  Done! Computer BackeBase-Aakash Nanda has been updated</font></i> - Validation Passed]]>
            </line>
          </reporter-output>
        </test-method> <!-- crudOperationOnFireFox -->
        <test-method status="PASS" signature="crudOperationOnFireFox(java.lang.String, java.lang.String, java.lang.String, java.lang.String, java.lang.String, java.lang.String, java.lang.String, java.lang.String, java.lang.String, java.lang.String, java.lang.String, java.lang.String, java.lang.String)[pri:0, instance:computer.executionDriver@f6c48ac]" name="crudOperationOnFireFox" duration-ms="4224" started-at="2018-07-14T23:23:06Z" data-provider="Test Case Bed" finished-at="2018-07-14T23:23:11Z">
          <params>
            <param index="0">
              <value>
                <![CDATA[TC4 - Verify user is able to validate updated computed record in the application]]>
              </value>
            </param>
            <param index="1">
              <value>
                <![CDATA[R_URL,COMPUTERSEARCH]]>
              </value>
            </param>
            <param index="2">
              <value>
                <![CDATA[BackeBase-Aakash Nanda]]>
              </value>
            </param>
            <param index="3">
              <value>
                <![CDATA[]]>
              </value>
            </param>
            <param index="4">
              <value>
                <![CDATA[]]>
              </value>
            </param>
            <param index="5">
              <value>
                <![CDATA[]]>
              </value>
            </param>
            <param index="6">
              <value>
                <![CDATA[]]>
              </value>
            </param>
            <param index="7">
              <value>
                <![CDATA[]]>
              </value>
            </param>
            <param index="8">
              <value>
                <![CDATA[]]>
              </value>
            </param>
            <param index="9">
              <value>
                <![CDATA[POST_COMPUTER_SEARCH,POST_COMPUTER_SEARCH,POST_COMPUTER_SEARCH,POST_COMPUTER_SEARCH]]>
              </value>
            </param>
            <param index="10">
              <value>
                <![CDATA[DEFAULTVALUE,DEFAULTVALUE,DEFAULTVALUE,DEFAULTVALUE]]>
              </value>
            </param>
            <param index="11">
              <value>
                <![CDATA[lnk_ComputerName,lnk_IntroducedDate,lnk_DiscontinuedDate,lnk_Company]]>
              </value>
            </param>
            <param index="12">
              <value>
                <![CDATA[BackeBase-Aakash Nanda,11 Jul 2018,05 Jul 2028,IBM]]>
              </value>
            </param>
          </params>
          <reporter-output>
            <line>
              <![CDATA[Validation of Element:  <i><font color='Blue'>Actual:  BackeBase-Aakash Nanda,   Expected:  BackeBase-Aakash Nanda</font></i> - Validation Passed]]>
            </line>
            <line>
              <![CDATA[Validation of Element:  <i><font color='Blue'>Actual:  11 Jul 2018,   Expected:  11 Jul 2018</font></i> - Validation Passed]]>
            </line>
            <line>
              <![CDATA[Validation of Element:  <i><font color='Blue'>Actual:  05 Jul 2028,   Expected:  05 Jul 2028</font></i> - Validation Passed]]>
            </line>
            <line>
              <![CDATA[Validation of Element:  <i><font color='Blue'>Actual:  IBM,   Expected:  IBM</font></i> - Validation Passed]]>
            </line>
          </reporter-output>
        </test-method> <!-- crudOperationOnFireFox -->
        <test-method status="PASS" signature="crudOperationOnChrome(java.lang.String, java.lang.String, java.lang.String, java.lang.String, java.lang.String, java.lang.String, java.lang.String, java.lang.String, java.lang.String, java.lang.String, java.lang.String, java.lang.String, java.lang.String)[pri:0, instance:computer.executionDriver@f6c48ac]" name="crudOperationOnChrome" duration-ms="4298" started-at="2018-07-14T23:23:06Z" data-provider="Test Case Bed" finished-at="2018-07-14T23:23:11Z">
          <params>
            <param index="0">
              <value>
                <![CDATA[TC4 - Verify user is able to validate updated computed record in the application]]>
              </value>
            </param>
            <param index="1">
              <value>
                <![CDATA[R_URL,COMPUTERSEARCH]]>
              </value>
            </param>
            <param index="2">
              <value>
                <![CDATA[BackeBase-Aakash Nanda]]>
              </value>
            </param>
            <param index="3">
              <value>
                <![CDATA[]]>
              </value>
            </param>
            <param index="4">
              <value>
                <![CDATA[]]>
              </value>
            </param>
            <param index="5">
              <value>
                <![CDATA[]]>
              </value>
            </param>
            <param index="6">
              <value>
                <![CDATA[]]>
              </value>
            </param>
            <param index="7">
              <value>
                <![CDATA[]]>
              </value>
            </param>
            <param index="8">
              <value>
                <![CDATA[]]>
              </value>
            </param>
            <param index="9">
              <value>
                <![CDATA[POST_COMPUTER_SEARCH,POST_COMPUTER_SEARCH,POST_COMPUTER_SEARCH,POST_COMPUTER_SEARCH]]>
              </value>
            </param>
            <param index="10">
              <value>
                <![CDATA[DEFAULTVALUE,DEFAULTVALUE,DEFAULTVALUE,DEFAULTVALUE]]>
              </value>
            </param>
            <param index="11">
              <value>
                <![CDATA[lnk_ComputerName,lnk_IntroducedDate,lnk_DiscontinuedDate,lnk_Company]]>
              </value>
            </param>
            <param index="12">
              <value>
                <![CDATA[BackeBase-Aakash Nanda,11 Jul 2018,05 Jul 2028,IBM]]>
              </value>
            </param>
          </params>
          <reporter-output>
            <line>
              <![CDATA[Validation of Element:  <i><font color='Blue'>Actual:  BackeBase-Aakash Nanda,   Expected:  BackeBase-Aakash Nanda</font></i> - Validation Passed]]>
            </line>
            <line>
              <![CDATA[Validation of Element:  <i><font color='Blue'>Actual:  11 Jul 2018,   Expected:  11 Jul 2018</font></i> - Validation Passed]]>
            </line>
            <line>
              <![CDATA[Validation of Element:  <i><font color='Blue'>Actual:  05 Jul 2028,   Expected:  05 Jul 2028</font></i> - Validation Passed]]>
            </line>
            <line>
              <![CDATA[Validation of Element:  <i><font color='Blue'>Actual:  IBM,   Expected:  IBM</font></i> - Validation Passed]]>
            </line>
          </reporter-output>
        </test-method> <!-- crudOperationOnChrome -->
        <test-method status="PASS" signature="crudOperationOnFireFox(java.lang.String, java.lang.String, java.lang.String, java.lang.String, java.lang.String, java.lang.String, java.lang.String, java.lang.String, java.lang.String, java.lang.String, java.lang.String, java.lang.String, java.lang.String)[pri:0, instance:computer.executionDriver@f6c48ac]" name="crudOperationOnFireFox" duration-ms="4396" started-at="2018-07-14T23:23:11Z" data-provider="Test Case Bed" finished-at="2018-07-14T23:23:15Z">
          <params>
            <param index="0">
              <value>
                <![CDATA[TC5 - Verify user is able to delete computer record in the application]]>
              </value>
            </param>
            <param index="1">
              <value>
                <![CDATA[R_URL,COMPUTERSEARCH,COMPUTERDETAIL]]>
              </value>
            </param>
            <param index="2">
              <value>
                <![CDATA[BackeBase-Aakash Nanda]]>
              </value>
            </param>
            <param index="3">
              <value>
                <![CDATA[EDITCOMPUTER]]>
              </value>
            </param>
            <param index="4">
              <value>
                <![CDATA[]]>
              </value>
            </param>
            <param index="5">
              <value>
                <![CDATA[]]>
              </value>
            </param>
            <param index="6">
              <value>
                <![CDATA[]]>
              </value>
            </param>
            <param index="7">
              <value>
                <![CDATA[]]>
              </value>
            </param>
            <param index="8">
              <value>
                <![CDATA[DELETE]]>
              </value>
            </param>
            <param index="9">
              <value>
                <![CDATA[POST_COMPUTER_EDIT_PAGE_ACTION]]>
              </value>
            </param>
            <param index="10">
              <value>
                <![CDATA[ISEXIST]]>
              </value>
            </param>
            <param index="11">
              <value>
                <![CDATA[lbl_ConfirmationMsg]]>
              </value>
            </param>
            <param index="12">
              <value>
                <![CDATA[Done! Computer has been deleted]]>
              </value>
            </param>
          </params>
          <reporter-output>
            <line>
              <![CDATA[Validation of Element:  <i><font color='Blue'>Actual:  Done! Computer has been deleted,   Expected:  Done! Computer has been deleted</font></i> - Validation Passed]]>
            </line>
          </reporter-output>
        </test-method> <!-- crudOperationOnFireFox -->
        <test-method status="FAIL" signature="crudOperationOnChrome(java.lang.String, java.lang.String, java.lang.String, java.lang.String, java.lang.String, java.lang.String, java.lang.String, java.lang.String, java.lang.String, java.lang.String, java.lang.String, java.lang.String, java.lang.String)[pri:0, instance:computer.executionDriver@f6c48ac]" name="crudOperationOnChrome" duration-ms="3977" started-at="2018-07-14T23:23:11Z" data-provider="Test Case Bed" finished-at="2018-07-14T23:23:15Z">
          <params>
            <param index="0">
              <value>
                <![CDATA[TC5 - Verify user is able to delete computer record in the application]]>
              </value>
            </param>
            <param index="1">
              <value>
                <![CDATA[R_URL,COMPUTERSEARCH,COMPUTERDETAIL]]>
              </value>
            </param>
            <param index="2">
              <value>
                <![CDATA[BackeBase-Aakash Nanda]]>
              </value>
            </param>
            <param index="3">
              <value>
                <![CDATA[EDITCOMPUTER]]>
              </value>
            </param>
            <param index="4">
              <value>
                <![CDATA[]]>
              </value>
            </param>
            <param index="5">
              <value>
                <![CDATA[]]>
              </value>
            </param>
            <param index="6">
              <value>
                <![CDATA[]]>
              </value>
            </param>
            <param index="7">
              <value>
                <![CDATA[]]>
              </value>
            </param>
            <param index="8">
              <value>
                <![CDATA[DELETE]]>
              </value>
            </param>
            <param index="9">
              <value>
                <![CDATA[POST_COMPUTER_EDIT_PAGE_ACTION]]>
              </value>
            </param>
            <param index="10">
              <value>
                <![CDATA[ISEXIST]]>
              </value>
            </param>
            <param index="11">
              <value>
                <![CDATA[lbl_ConfirmationMsg]]>
              </value>
            </param>
            <param index="12">
              <value>
                <![CDATA[Done! Computer has been deleted]]>
              </value>
            </param>
          </params>
          <exception class="org.openqa.selenium.NoSuchElementException">
            <message>
              <![CDATA[no such element: Unable to locate element: {"method":"css selector","selector":"#main > table > tbody > tr:nth-child(1) > td:nth-child(1) > a"}
  (Session info: chrome=67.0.3396.99)
  (Driver info: chromedriver=2.40.565498 (ea082db3280dd6843ebfb08a625e3eb905c4f5ab),platform=Windows NT 10.0.17134 x86_64) (WARNING: The server did not provide any stacktrace information)
Command duration or timeout: 0 milliseconds
For documentation on this error, please visit: http://seleniumhq.org/exceptions/no_such_element.html
Build info: version: '3.13.0', revision: '2f0d292', time: '2018-06-25T15:24:21.231Z'
System info: host: 'DESKTOP-TQRIKEL', ip: '10.0.0.142', os.name: 'Windows 10', os.arch: 'amd64', os.version: '10.0', java.version: '1.8.0_171'
Driver info: org.openqa.selenium.chrome.ChromeDriver
Capabilities {acceptInsecureCerts: false, acceptSslCerts: false, applicationCacheEnabled: false, browserConnectionEnabled: false, browserName: chrome, chrome: {chromedriverVersion: 2.40.565498 (ea082db3280dd6..., userDataDir: C:\Users\aakas\AppData\Loca...}, cssSelectorsEnabled: true, databaseEnabled: false, handlesAlerts: true, hasTouchScreen: false, javascriptEnabled: true, locationContextEnabled: true, mobileEmulationEnabled: false, nativeEvents: true, networkConnectionEnabled: false, pageLoadStrategy: normal, platform: XP, platformName: XP, rotatable: false, setWindowRect: true, takesHeapSnapshot: true, takesScreenshot: true, unexpectedAlertBehaviour: , unhandledPromptBehavior: , version: 67.0.3396.99, webStorageEnabled: true}
Session ID: 9816331d9e52e29882e3f813f24989a3
*** Element info: {Using=css selector, value=#main > table > tbody > tr:nth-child(1) > td:nth-child(1) > a}]]>
            </message>
            <full-stacktrace>
              <![CDATA[org.openqa.selenium.NoSuchElementException: no such element: Unable to locate element: {"method":"css selector","selector":"#main > table > tbody > tr:nth-child(1) > td:nth-child(1) > a"}
  (Session info: chrome=67.0.3396.99)
  (Driver info: chromedriver=2.40.565498 (ea082db3280dd6843ebfb08a625e3eb905c4f5ab),platform=Windows NT 10.0.17134 x86_64) (WARNING: The server did not provide any stacktrace information)
Command duration or timeout: 0 milliseconds
For documentation on this error, please visit: http://seleniumhq.org/exceptions/no_such_element.html
Build info: version: '3.13.0', revision: '2f0d292', time: '2018-06-25T15:24:21.231Z'
System info: host: 'DESKTOP-TQRIKEL', ip: '10.0.0.142', os.name: 'Windows 10', os.arch: 'amd64', os.version: '10.0', java.version: '1.8.0_171'
Driver info: org.openqa.selenium.chrome.ChromeDriver
Capabilities {acceptInsecureCerts: false, acceptSslCerts: false, applicationCacheEnabled: false, browserConnectionEnabled: false, browserName: chrome, chrome: {chromedriverVersion: 2.40.565498 (ea082db3280dd6..., userDataDir: C:\Users\aakas\AppData\Loca...}, cssSelectorsEnabled: true, databaseEnabled: false, handlesAlerts: true, hasTouchScreen: false, javascriptEnabled: true, locationContextEnabled: true, mobileEmulationEnabled: false, nativeEvents: true, networkConnectionEnabled: false, pageLoadStrategy: normal, platform: XP, platformName: XP, rotatable: false, setWindowRect: true, takesHeapSnapshot: true, takesScreenshot: true, unexpectedAlertBehaviour: , unhandledPromptBehavior: , version: 67.0.3396.99, webStorageEnabled: true}
Session ID: 9816331d9e52e29882e3f813f24989a3
*** Element info: {Using=css selector, value=#main > table > tbody > tr:nth-child(1) > td:nth-child(1) > a}
	at sun.reflect.NativeConstructorAccessorImpl.newInstance0(Native Method)
	at sun.reflect.NativeConstructorAccessorImpl.newInstance(NativeConstructorAccessorImpl.java:62)
	at sun.reflect.DelegatingConstructorAccessorImpl.newInstance(DelegatingConstructorAccessorImpl.java:45)
	at java.lang.reflect.Constructor.newInstance(Constructor.java:423)
	at org.openqa.selenium.remote.ErrorHandler.createThrowable(ErrorHandler.java:214)
	at org.openqa.selenium.remote.ErrorHandler.throwIfResponseFailed(ErrorHandler.java:166)
	at org.openqa.selenium.remote.http.JsonHttpResponseCodec.reconstructValue(JsonHttpResponseCodec.java:40)
	at org.openqa.selenium.remote.http.AbstractHttpResponseCodec.decode(AbstractHttpResponseCodec.java:80)
	at org.openqa.selenium.remote.http.AbstractHttpResponseCodec.decode(AbstractHttpResponseCodec.java:44)
	at org.openqa.selenium.remote.HttpCommandExecutor.execute(HttpCommandExecutor.java:158)
	at org.openqa.selenium.remote.service.DriverCommandExecutor.execute(DriverCommandExecutor.java:83)
	at org.openqa.selenium.remote.RemoteWebDriver.execute(RemoteWebDriver.java:548)
	at org.openqa.selenium.remote.RemoteWebDriver.findElement(RemoteWebDriver.java:322)
	at org.openqa.selenium.remote.RemoteWebDriver.findElementByCssSelector(RemoteWebDriver.java:416)
	at org.openqa.selenium.By$ByCssSelector.findElement(By.java:431)
	at org.openqa.selenium.remote.RemoteWebDriver.findElement(RemoteWebDriver.java:314)
	at computer.performOperation.computerSearchPage(performOperation.java:31)
	at computer.executionDriver.crudOperationOnChrome(executionDriver.java:57)
	at sun.reflect.NativeMethodAccessorImpl.invoke0(Native Method)
	at sun.reflect.NativeMethodAccessorImpl.invoke(NativeMethodAccessorImpl.java:62)
	at sun.reflect.DelegatingMethodAccessorImpl.invoke(DelegatingMethodAccessorImpl.java:43)
	at java.lang.reflect.Method.invoke(Method.java:498)
	at org.testng.internal.MethodInvocationHelper.invokeMethod(MethodInvocationHelper.java:108)
	at org.testng.internal.Invoker.invokeMethod(Invoker.java:661)
	at org.testng.internal.Invoker.invokeTestMethod(Invoker.java:869)
	at org.testng.internal.Invoker.invokeTestMethods(Invoker.java:1193)
	at org.testng.internal.TestMethodWorker.invokeTestMethods(TestMethodWorker.java:126)
	at org.testng.internal.TestMethodWorker.run(TestMethodWorker.java:109)
	at java.util.concurrent.ThreadPoolExecutor.runWorker(ThreadPoolExecutor.java:1149)
	at java.util.concurrent.ThreadPoolExecutor$Worker.run(ThreadPoolExecutor.java:624)
	at java.lang.Thread.run(Thread.java:748)
]]>
            </full-stacktrace>
          </exception> <!-- org.openqa.selenium.NoSuchElementException -->
          <reporter-output>
          </reporter-output>
        </test-method> <!-- crudOperationOnChrome -->
        <test-method status="PASS" signature="crudOperationOnChrome(java.lang.String, java.lang.String, java.lang.String, java.lang.String, java.lang.String, java.lang.String, java.lang.String, java.lang.String, java.lang.String, java.lang.String, java.lang.String, java.lang.String, java.lang.String)[pri:0, instance:computer.executionDriver@f6c48ac]" name="crudOperationOnChrome" duration-ms="4216" started-at="2018-07-14T23:23:15Z" data-provider="Test Case Bed" finished-at="2018-07-14T23:23:19Z">
          <params>
            <param index="0">
              <value>
                <![CDATA[TC6 - Verify Computer Name is mandatory field while creating new computer record]]>
              </value>
            </param>
            <param index="1">
              <value>
                <![CDATA[R_URL,COMPUTERSEARCH,COMPUTERDETAIL]]>
              </value>
            </param>
            <param index="2">
              <value>
                <![CDATA[]]>
              </value>
            </param>
            <param index="3">
              <value>
                <![CDATA[ADDCOMPUTER]]>
              </value>
            </param>
            <param index="4">
              <value>
                <![CDATA[]]>
              </value>
            </param>
            <param index="5">
              <value>
                <![CDATA[]]>
              </value>
            </param>
            <param index="6">
              <value>
                <![CDATA[]]>
              </value>
            </param>
            <param index="7">
              <value>
                <![CDATA[]]>
              </value>
            </param>
            <param index="8">
              <value>
                <![CDATA[SAVE]]>
              </value>
            </param>
            <param index="9">
              <value>
                <![CDATA[POST_COMPUTER_EDIT_PAGE_ACTION]]>
              </value>
            </param>
            <param index="10">
              <value>
                <![CDATA[ISEXIST]]>
              </value>
            </param>
            <param index="11">
              <value>
                <![CDATA[btn_SaveComputer]]>
              </value>
            </param>
            <param index="12">
              <value>
                <![CDATA[]]>
              </value>
            </param>
          </params>
          <reporter-output>
            <line>
              <![CDATA[Validation of Element:  <i><font color='Blue'>Actual:  ,   Expected:  </font></i> - Validation Passed]]>
            </line>
          </reporter-output>
        </test-method> <!-- crudOperationOnChrome -->
        <test-method status="PASS" signature="crudOperationOnFireFox(java.lang.String, java.lang.String, java.lang.String, java.lang.String, java.lang.String, java.lang.String, java.lang.String, java.lang.String, java.lang.String, java.lang.String, java.lang.String, java.lang.String, java.lang.String)[pri:0, instance:computer.executionDriver@f6c48ac]" name="crudOperationOnFireFox" duration-ms="4468" started-at="2018-07-14T23:23:15Z" data-provider="Test Case Bed" finished-at="2018-07-14T23:23:19Z">
          <params>
            <param index="0">
              <value>
                <![CDATA[TC6 - Verify Computer Name is mandatory field while creating new computer record]]>
              </value>
            </param>
            <param index="1">
              <value>
                <![CDATA[R_URL,COMPUTERSEARCH,COMPUTERDETAIL]]>
              </value>
            </param>
            <param index="2">
              <value>
                <![CDATA[]]>
              </value>
            </param>
            <param index="3">
              <value>
                <![CDATA[ADDCOMPUTER]]>
              </value>
            </param>
            <param index="4">
              <value>
                <![CDATA[]]>
              </value>
            </param>
            <param index="5">
              <value>
                <![CDATA[]]>
              </value>
            </param>
            <param index="6">
              <value>
                <![CDATA[]]>
              </value>
            </param>
            <param index="7">
              <value>
                <![CDATA[]]>
              </value>
            </param>
            <param index="8">
              <value>
                <![CDATA[SAVE]]>
              </value>
            </param>
            <param index="9">
              <value>
                <![CDATA[POST_COMPUTER_EDIT_PAGE_ACTION]]>
              </value>
            </param>
            <param index="10">
              <value>
                <![CDATA[ISEXIST]]>
              </value>
            </param>
            <param index="11">
              <value>
                <![CDATA[btn_SaveComputer]]>
              </value>
            </param>
            <param index="12">
              <value>
                <![CDATA[]]>
              </value>
            </param>
          </params>
          <reporter-output>
            <line>
              <![CDATA[Validation of Element:  <i><font color='Blue'>Actual:  ,   Expected:  </font></i> - Validation Passed]]>
            </line>
          </reporter-output>
        </test-method> <!-- crudOperationOnFireFox -->
        <test-method status="PASS" signature="crudOperationOnChrome(java.lang.String, java.lang.String, java.lang.String, java.lang.String, java.lang.String, java.lang.String, java.lang.String, java.lang.String, java.lang.String, java.lang.String, java.lang.String, java.lang.String, java.lang.String)[pri:0, instance:computer.executionDriver@f6c48ac]" name="crudOperationOnChrome" duration-ms="4505" started-at="2018-07-14T23:23:19Z" data-provider="Test Case Bed" finished-at="2018-07-14T23:23:23Z">
          <params>
            <param index="0">
              <value>
                <![CDATA[TC7 - Verify user is able to create new computer record with just computer name detail provided in the application]]>
              </value>
            </param>
            <param index="1">
              <value>
                <![CDATA[R_URL,COMPUTERSEARCH,COMPUTERDETAIL]]>
              </value>
            </param>
            <param index="2">
              <value>
                <![CDATA[]]>
              </value>
            </param>
            <param index="3">
              <value>
                <![CDATA[ADDCOMPUTER]]>
              </value>
            </param>
            <param index="4">
              <value>
                <![CDATA[BackeBase-Paul$123]]>
              </value>
            </param>
            <param index="5">
              <value>
                <![CDATA[]]>
              </value>
            </param>
            <param index="6">
              <value>
                <![CDATA[]]>
              </value>
            </param>
            <param index="7">
              <value>
                <![CDATA[]]>
              </value>
            </param>
            <param index="8">
              <value>
                <![CDATA[SAVE]]>
              </value>
            </param>
            <param index="9">
              <value>
                <![CDATA[POST_COMPUTER_EDIT_PAGE_ACTION]]>
              </value>
            </param>
            <param index="10">
              <value>
                <![CDATA[ISEXIST]]>
              </value>
            </param>
            <param index="11">
              <value>
                <![CDATA[lbl_ConfirmationMsg]]>
              </value>
            </param>
            <param index="12">
              <value>
                <![CDATA[Done! Computer BackeBase-Paul$123 has been created]]>
              </value>
            </param>
          </params>
          <reporter-output>
            <line>
              <![CDATA[Validation of Element:  <i><font color='Blue'>Actual:  Done! Computer BackeBase-Paul$123 has been created,   Expected:  Done! Computer BackeBase-Paul$123 has been created</font></i> - Validation Passed]]>
            </line>
          </reporter-output>
        </test-method> <!-- crudOperationOnChrome -->
        <test-method status="PASS" signature="crudOperationOnFireFox(java.lang.String, java.lang.String, java.lang.String, java.lang.String, java.lang.String, java.lang.String, java.lang.String, java.lang.String, java.lang.String, java.lang.String, java.lang.String, java.lang.String, java.lang.String)[pri:0, instance:computer.executionDriver@f6c48ac]" name="crudOperationOnFireFox" duration-ms="4435" started-at="2018-07-14T23:23:19Z" data-provider="Test Case Bed" finished-at="2018-07-14T23:23:24Z">
          <params>
            <param index="0">
              <value>
                <![CDATA[TC7 - Verify user is able to create new computer record with just computer name detail provided in the application]]>
              </value>
            </param>
            <param index="1">
              <value>
                <![CDATA[R_URL,COMPUTERSEARCH,COMPUTERDETAIL]]>
              </value>
            </param>
            <param index="2">
              <value>
                <![CDATA[]]>
              </value>
            </param>
            <param index="3">
              <value>
                <![CDATA[ADDCOMPUTER]]>
              </value>
            </param>
            <param index="4">
              <value>
                <![CDATA[BackeBase-Paul$123]]>
              </value>
            </param>
            <param index="5">
              <value>
                <![CDATA[]]>
              </value>
            </param>
            <param index="6">
              <value>
                <![CDATA[]]>
              </value>
            </param>
            <param index="7">
              <value>
                <![CDATA[]]>
              </value>
            </param>
            <param index="8">
              <value>
                <![CDATA[SAVE]]>
              </value>
            </param>
            <param index="9">
              <value>
                <![CDATA[POST_COMPUTER_EDIT_PAGE_ACTION]]>
              </value>
            </param>
            <param index="10">
              <value>
                <![CDATA[ISEXIST]]>
              </value>
            </param>
            <param index="11">
              <value>
                <![CDATA[lbl_ConfirmationMsg]]>
              </value>
            </param>
            <param index="12">
              <value>
                <![CDATA[Done! Computer BackeBase-Paul$123 has been created]]>
              </value>
            </param>
          </params>
          <reporter-output>
            <line>
              <![CDATA[Validation of Element:  <i><font color='Blue'>Actual:  Done! Computer BackeBase-Paul$123 has been created,   Expected:  Done! Computer BackeBase-Paul$123 has been created</font></i> - Validation Passed]]>
            </line>
          </reporter-output>
        </test-method> <!-- crudOperationOnFireFox -->
        <test-method status="PASS" signature="crudOperationOnChrome(java.lang.String, java.lang.String, java.lang.String, java.lang.String, java.lang.String, java.lang.String, java.lang.String, java.lang.String, java.lang.String, java.lang.String, java.lang.String, java.lang.String, java.lang.String)[pri:0, instance:computer.executionDriver@f6c48ac]" name="crudOperationOnChrome" duration-ms="6596" started-at="2018-07-14T23:23:23Z" data-provider="Test Case Bed" finished-at="2018-07-14T23:23:30Z">
          <params>
            <param index="0">
              <value>
                <![CDATA[TC8 - Verify user is not able to create computer record when invalid date for Discontinued date field is provided in the application]]>
              </value>
            </param>
            <param index="1">
              <value>
                <![CDATA[R_URL,COMPUTERSEARCH,COMPUTERDETAIL]]>
              </value>
            </param>
            <param index="2">
              <value>
                <![CDATA[]]>
              </value>
            </param>
            <param index="3">
              <value>
                <![CDATA[ADDCOMPUTER]]>
              </value>
            </param>
            <param index="4">
              <value>
                <![CDATA[BackeBase-Paul]]>
              </value>
            </param>
            <param index="5">
              <value>
                <![CDATA[2018-07-40]]>
              </value>
            </param>
            <param index="6">
              <value>
                <![CDATA[]]>
              </value>
            </param>
            <param index="7">
              <value>
                <![CDATA[]]>
              </value>
            </param>
            <param index="8">
              <value>
                <![CDATA[SAVE]]>
              </value>
            </param>
            <param index="9">
              <value>
                <![CDATA[POST_COMPUTER_EDIT_PAGE_ACTION]]>
              </value>
            </param>
            <param index="10">
              <value>
                <![CDATA[ISEXIST]]>
              </value>
            </param>
            <param index="11">
              <value>
                <![CDATA[btn_SaveComputer]]>
              </value>
            </param>
            <param index="12">
              <value>
                <![CDATA[]]>
              </value>
            </param>
          </params>
          <reporter-output>
            <line>
              <![CDATA[Validation of Element:  <i><font color='Blue'>Actual:  ,   Expected:  </font></i> - Validation Passed]]>
            </line>
          </reporter-output>
        </test-method> <!-- crudOperationOnChrome -->
        <test-method status="PASS" signature="crudOperationOnFireFox(java.lang.String, java.lang.String, java.lang.String, java.lang.String, java.lang.String, java.lang.String, java.lang.String, java.lang.String, java.lang.String, java.lang.String, java.lang.String, java.lang.String, java.lang.String)[pri:0, instance:computer.executionDriver@f6c48ac]" name="crudOperationOnFireFox" duration-ms="6722" started-at="2018-07-14T23:23:24Z" data-provider="Test Case Bed" finished-at="2018-07-14T23:23:31Z">
          <params>
            <param index="0">
              <value>
                <![CDATA[TC8 - Verify user is not able to create computer record when invalid date for Discontinued date field is provided in the application]]>
              </value>
            </param>
            <param index="1">
              <value>
                <![CDATA[R_URL,COMPUTERSEARCH,COMPUTERDETAIL]]>
              </value>
            </param>
            <param index="2">
              <value>
                <![CDATA[]]>
              </value>
            </param>
            <param index="3">
              <value>
                <![CDATA[ADDCOMPUTER]]>
              </value>
            </param>
            <param index="4">
              <value>
                <![CDATA[BackeBase-Paul]]>
              </value>
            </param>
            <param index="5">
              <value>
                <![CDATA[2018-07-40]]>
              </value>
            </param>
            <param index="6">
              <value>
                <![CDATA[]]>
              </value>
            </param>
            <param index="7">
              <value>
                <![CDATA[]]>
              </value>
            </param>
            <param index="8">
              <value>
                <![CDATA[SAVE]]>
              </value>
            </param>
            <param index="9">
              <value>
                <![CDATA[POST_COMPUTER_EDIT_PAGE_ACTION]]>
              </value>
            </param>
            <param index="10">
              <value>
                <![CDATA[ISEXIST]]>
              </value>
            </param>
            <param index="11">
              <value>
                <![CDATA[btn_SaveComputer]]>
              </value>
            </param>
            <param index="12">
              <value>
                <![CDATA[]]>
              </value>
            </param>
          </params>
          <reporter-output>
            <line>
              <![CDATA[Validation of Element:  <i><font color='Blue'>Actual:  ,   Expected:  </font></i> - Validation Passed]]>
            </line>
          </reporter-output>
        </test-method> <!-- crudOperationOnFireFox -->
        <test-method status="PASS" signature="crudOperationOnChrome(java.lang.String, java.lang.String, java.lang.String, java.lang.String, java.lang.String, java.lang.String, java.lang.String, java.lang.String, java.lang.String, java.lang.String, java.lang.String, java.lang.String, java.lang.String)[pri:0, instance:computer.executionDriver@f6c48ac]" name="crudOperationOnChrome" duration-ms="6492" started-at="2018-07-14T23:23:30Z" data-provider="Test Case Bed" finished-at="2018-07-14T23:23:37Z">
          <params>
            <param index="0">
              <value>
                <![CDATA[TC9 - Verify user is not able to create computer record when invalid date for Introduced date field is provided in the application]]>
              </value>
            </param>
            <param index="1">
              <value>
                <![CDATA[R_URL,COMPUTERSEARCH,COMPUTERDETAIL]]>
              </value>
            </param>
            <param index="2">
              <value>
                <![CDATA[]]>
              </value>
            </param>
            <param index="3">
              <value>
                <![CDATA[ADDCOMPUTER]]>
              </value>
            </param>
            <param index="4">
              <value>
                <![CDATA[BackeBase-Paul]]>
              </value>
            </param>
            <param index="5">
              <value>
                <![CDATA[]]>
              </value>
            </param>
            <param index="6">
              <value>
                <![CDATA[2018-17-40]]>
              </value>
            </param>
            <param index="7">
              <value>
                <![CDATA[]]>
              </value>
            </param>
            <param index="8">
              <value>
                <![CDATA[SAVE]]>
              </value>
            </param>
            <param index="9">
              <value>
                <![CDATA[POST_COMPUTER_EDIT_PAGE_ACTION]]>
              </value>
            </param>
            <param index="10">
              <value>
                <![CDATA[ISEXIST]]>
              </value>
            </param>
            <param index="11">
              <value>
                <![CDATA[btn_SaveComputer]]>
              </value>
            </param>
            <param index="12">
              <value>
                <![CDATA[]]>
              </value>
            </param>
          </params>
          <reporter-output>
            <line>
              <![CDATA[Validation of Element:  <i><font color='Blue'>Actual:  ,   Expected:  </font></i> - Validation Passed]]>
            </line>
          </reporter-output>
        </test-method> <!-- crudOperationOnChrome -->
        <test-method status="PASS" signature="crudOperationOnFireFox(java.lang.String, java.lang.String, java.lang.String, java.lang.String, java.lang.String, java.lang.String, java.lang.String, java.lang.String, java.lang.String, java.lang.String, java.lang.String, java.lang.String, java.lang.String)[pri:0, instance:computer.executionDriver@f6c48ac]" name="crudOperationOnFireFox" duration-ms="7127" started-at="2018-07-14T23:23:31Z" data-provider="Test Case Bed" finished-at="2018-07-14T23:23:38Z">
          <params>
            <param index="0">
              <value>
                <![CDATA[TC9 - Verify user is not able to create computer record when invalid date for Introduced date field is provided in the application]]>
              </value>
            </param>
            <param index="1">
              <value>
                <![CDATA[R_URL,COMPUTERSEARCH,COMPUTERDETAIL]]>
              </value>
            </param>
            <param index="2">
              <value>
                <![CDATA[]]>
              </value>
            </param>
            <param index="3">
              <value>
                <![CDATA[ADDCOMPUTER]]>
              </value>
            </param>
            <param index="4">
              <value>
                <![CDATA[BackeBase-Paul]]>
              </value>
            </param>
            <param index="5">
              <value>
                <![CDATA[]]>
              </value>
            </param>
            <param index="6">
              <value>
                <![CDATA[2018-17-40]]>
              </value>
            </param>
            <param index="7">
              <value>
                <![CDATA[]]>
              </value>
            </param>
            <param index="8">
              <value>
                <![CDATA[SAVE]]>
              </value>
            </param>
            <param index="9">
              <value>
                <![CDATA[POST_COMPUTER_EDIT_PAGE_ACTION]]>
              </value>
            </param>
            <param index="10">
              <value>
                <![CDATA[ISEXIST]]>
              </value>
            </param>
            <param index="11">
              <value>
                <![CDATA[btn_SaveComputer]]>
              </value>
            </param>
            <param index="12">
              <value>
                <![CDATA[]]>
              </value>
            </param>
          </params>
          <reporter-output>
            <line>
              <![CDATA[Validation of Element:  <i><font color='Blue'>Actual:  ,   Expected:  </font></i> - Validation Passed]]>
            </line>
          </reporter-output>
        </test-method> <!-- crudOperationOnFireFox -->
        <test-method status="PASS" signature="report()[pri:0, instance:computer.executionDriver@f6c48ac]" name="report" is-config="true" duration-ms="0" started-at="2018-07-14T23:23:38Z" finished-at="2018-07-14T23:23:38Z">
          <reporter-output>
          </reporter-output>
        </test-method> <!-- report -->
      </class> <!-- computer.executionDriver -->
    </test> <!-- Test Bed -->
  </suite> <!-- Test-class Suite -->
</testng-results>
